Added Component: Designator=M1(ESP32-DEVKIT-38)
Added Component: Designator=P1(HDR8-PH2.54)
Added Component: Designator=P2(HDR8-PH2.54)
Added Component: Designator=P3(HDR5X2_A1)
Add component (AddParameter): Name = "LatestRevisionDate"; Value = "17-Jul-2002"; VariantName = "[No Variations]"
Add component (AddParameter): Name = "LatestRevisionNote"; Value = "Re-released for DXP Platform."; VariantName = "[No Variations]"
Add component (AddParameter): Name = "Publisher"; Value = "Altium Limited"; VariantName = "[No Variations]"
Added Component: Designator=p4(HDR6-XH2.54)
Added Component: Designator=p5(HDR6-XH2.54)
Added Component: Designator=P6(HDR2X1_A)
Add component (AddParameter): Name = "LatestRevisionDate"; Value = "17-Jul-2002"; VariantName = "[No Variations]"
Add component (AddParameter): Name = "LatestRevisionNote"; Value = "Re-released for DXP Platform."; VariantName = "[No Variations]"
Add component (AddParameter): Name = "Publisher"; Value = "Altium Limited"; VariantName = "[No Variations]"
Added Component: Designator=P7(HDR2X1_A)
Add component (AddParameter): Name = "LatestRevisionDate"; Value = "17-Jul-2002"; VariantName = "[No Variations]"
Add component (AddParameter): Name = "LatestRevisionNote"; Value = "Re-released for DXP Platform."; VariantName = "[No Variations]"
Add component (AddParameter): Name = "Publisher"; Value = "Altium Limited"; VariantName = "[No Variations]"
Added Component: Designator=P8(HDR5X2_A1)
Add component (AddParameter): Name = "LatestRevisionDate"; Value = "17-Jul-2002"; VariantName = "[No Variations]"
Add component (AddParameter): Name = "LatestRevisionNote"; Value = "Re-released for DXP Platform."; VariantName = "[No Variations]"
Add component (AddParameter): Name = "Publisher"; Value = "Altium Limited"; VariantName = "[No Variations]"
Added Component: Designator=p9(HDR6-XH2.54)
Added Component: Designator=p10(HDR6-XH2.54)
Added Component: Designator=P11(HDR2X1_A)
Add component (AddParameter): Name = "LatestRevisionDate"; Value = "17-Jul-2002"; VariantName = "[No Variations]"
Add component (AddParameter): Name = "LatestRevisionNote"; Value = "Re-released for DXP Platform."; VariantName = "[No Variations]"
Add component (AddParameter): Name = "Publisher"; Value = "Altium Limited"; VariantName = "[No Variations]"
Added Component: Designator=P12(HDR2X1_A)
Add component (AddParameter): Name = "LatestRevisionDate"; Value = "17-Jul-2002"; VariantName = "[No Variations]"
Add component (AddParameter): Name = "LatestRevisionNote"; Value = "Re-released for DXP Platform."; VariantName = "[No Variations]"
Add component (AddParameter): Name = "Publisher"; Value = "Altium Limited"; VariantName = "[No Variations]"
Added Pin To Net: NetName=+3.3 Pin=M1-1
Added Pin To Net: NetName=+3.3 Pin=p4-2
Added Pin To Net: NetName=+3.3 Pin=p5-2
Added Pin To Net: NetName=+3.3 Pin=P8-1
Added Pin To Net: NetName=+3.3 Pin=P8-3
Added Pin To Net: NetName=+3.3 Pin=P8-5
Added Pin To Net: NetName=+3.3 Pin=P8-7
Added Pin To Net: NetName=+3.3 Pin=P8-9
Added Pin To Net: NetName=+3.3 Pin=p9-2
Added Pin To Net: NetName=+3.3 Pin=p10-2
Added Net: Name=+3.3
Added Pin To Net: NetName=+5 Pin=M1-19
Added Pin To Net: NetName=+5 Pin=P1-1
Added Pin To Net: NetName=+5 Pin=P2-1
Added Pin To Net: NetName=+5 Pin=P3-1
Added Pin To Net: NetName=+5 Pin=P3-3
Added Pin To Net: NetName=+5 Pin=P3-5
Added Pin To Net: NetName=+5 Pin=P3-7
Added Pin To Net: NetName=+5 Pin=P3-9
Added Net: Name=+5
Added Pin To Net: NetName=GND Pin=M1-14
Added Pin To Net: NetName=GND Pin=M1-32
Added Pin To Net: NetName=GND Pin=M1-38
Added Pin To Net: NetName=GND Pin=P1-8
Added Pin To Net: NetName=GND Pin=P2-8
Added Pin To Net: NetName=GND Pin=P3-2
Added Pin To Net: NetName=GND Pin=P3-4
Added Pin To Net: NetName=GND Pin=P3-6
Added Pin To Net: NetName=GND Pin=P3-8
Added Pin To Net: NetName=GND Pin=P3-10
Added Pin To Net: NetName=GND Pin=p4-5
Added Pin To Net: NetName=GND Pin=p5-5
Added Pin To Net: NetName=GND Pin=P8-2
Added Pin To Net: NetName=GND Pin=P8-4
Added Pin To Net: NetName=GND Pin=P8-6
Added Pin To Net: NetName=GND Pin=P8-8
Added Pin To Net: NetName=GND Pin=P8-10
Added Pin To Net: NetName=GND Pin=p9-5
Added Pin To Net: NetName=GND Pin=p10-5
Added Net: Name=GND
Added Pin To Net: NetName=M1_A Pin=p4-1
Added Pin To Net: NetName=M1_A Pin=P6-2
Added Net: Name=M1_A
Added Pin To Net: NetName=M1_B Pin=p4-6
Added Pin To Net: NetName=M1_B Pin=P6-1
Added Net: Name=M1_B
Added Pin To Net: NetName=M2_A Pin=p9-1
Added Pin To Net: NetName=M2_A Pin=P11-2
Added Net: Name=M2_A
Added Pin To Net: NetName=M2_B Pin=p9-6
Added Pin To Net: NetName=M2_B Pin=P11-1
Added Net: Name=M2_B
Added Pin To Net: NetName=M3_A Pin=p10-1
Added Pin To Net: NetName=M3_A Pin=P12-2
Added Net: Name=M3_A
Added Pin To Net: NetName=M3_B Pin=p10-6
Added Pin To Net: NetName=M3_B Pin=P12-1
Added Net: Name=M3_B
Added Pin To Net: NetName=M4_A Pin=p5-1
Added Pin To Net: NetName=M4_A Pin=P7-2
Added Net: Name=M4_A
Added Pin To Net: NetName=M4_B Pin=p5-6
Added Pin To Net: NetName=M4_B Pin=P7-1
Added Net: Name=M4_B
Added Class: Name=MotorDriver
