Added Pin To Net: NetName=NetD1_1 Pin=D1-1
Added Pin To Net: NetName=M1_A Pin=D1-2
Added Pin To Net: NetName=NetD2_1 Pin=D2-1
Added Pin To Net: NetName=M2_A Pin=D2-2
Added Pin To Net: NetName=NetD3_1 Pin=D3-1
Added Pin To Net: NetName=M3_A Pin=D3-2
Added Pin To Net: NetName=NetD4_1 Pin=D4-1
Added Pin To Net: NetName=M4_A Pin=D4-2
Added Pin To Net: NetName=NetD5_1 Pin=D5-1
Added Pin To Net: NetName=GND Pin=D5-2
Added Pin To Net: NetName=NetD6_1 Pin=D6-1
Added Pin To Net: NetName=NetD6_2 Pin=D6-2
Added Pin To Net: NetName=NetD7_1 Pin=D7-1
Added Pin To Net: NetName=NetD7_2 Pin=D7-2
Added Pin To Net: NetName=NetD8_1 Pin=D8-1
Added Pin To Net: NetName=NetD8_2 Pin=D8-2
Added Pin To Net: NetName=NetD9_1 Pin=D9-1
Added Pin To Net: NetName=NetD9_2 Pin=D9-2
Added Pin To Net: NetName=NetD10_1 Pin=D10-1
Added Pin To Net: NetName=STA_LED Pin=D10-2
Added Pin To Net: NetName=+3.3 Pin=M1-1
Added Pin To Net: NetName=M1_C1 Pin=M1-5
Added Pin To Net: NetName=M1_C2 Pin=M1-6
Added Pin To Net: NetName=M2_C1 Pin=M1-7
Added Pin To Net: NetName=M2_C2 Pin=M1-8
Added Pin To Net: NetName=M3_C1 Pin=M1-9
Added Pin To Net: NetName=M3_C2 Pin=M1-10
Added Pin To Net: NetName=M4_C1 Pin=M1-11
Added Pin To Net: NetName=M4_C2 Pin=M1-12
Added Pin To Net: NetName=GND Pin=M1-14
Added Pin To Net: NetName=RXD Pin=M1-16
Added Pin To Net: NetName=TXD Pin=M1-17
Added Pin To Net: NetName=+5 Pin=M1-19
Added Pin To Net: NetName=STA_LED Pin=M1-20
Added Pin To Net: NetName=M4_DIR Pin=M1-21
Added Pin To Net: NetName=M4_PWM Pin=M1-22
Added Pin To Net: NetName=M3_DIR Pin=M1-23
Added Pin To Net: NetName=M3_PWM Pin=M1-24
Added Pin To Net: NetName=M2_DIR Pin=M1-25
Added Pin To Net: NetName=M2_PWM Pin=M1-26
Added Pin To Net: NetName=M1_DIR Pin=M1-29
Added Pin To Net: NetName=M1_PWM Pin=M1-30
Added Pin To Net: NetName=M_EN Pin=M1-31
Added Pin To Net: NetName=GND Pin=M1-32
Added Pin To Net: NetName=GND Pin=M1-38
Added Pin To Net: NetName=GND Pin=P1-1
Added Pin To Net: NetName=NetP1_2 Pin=P1-2
Added Pin To Net: NetName=+5 Pin=P2-1
Added Pin To Net: NetName=M_EN Pin=P2-2
Added Pin To Net: NetName=M1_PWM Pin=P2-3
Added Pin To Net: NetName=M1_DIR Pin=P2-4
Added Pin To Net: NetName=M_EN Pin=P2-5
Added Pin To Net: NetName=M2_PWM Pin=P2-6
Added Pin To Net: NetName=M2_DIR Pin=P2-7
Added Pin To Net: NetName=GND Pin=P2-8
Added Pin To Net: NetName=+5 Pin=P3-1
Added Pin To Net: NetName=M_EN Pin=P3-2
Added Pin To Net: NetName=M3_PWM Pin=P3-3
Added Pin To Net: NetName=M3_DIR Pin=P3-4
Added Pin To Net: NetName=M_EN Pin=P3-5
Added Pin To Net: NetName=M4_PWM Pin=P3-6
Added Pin To Net: NetName=M4_DIR Pin=P3-7
Added Pin To Net: NetName=GND Pin=P3-8
Added Pin To Net: NetName=+5 Pin=P4-1
Added Pin To Net: NetName=RXD Pin=P4-2
Added Pin To Net: NetName=TXD Pin=P4-3
Added Pin To Net: NetName=GND Pin=P4-4
Added Pin To Net: NetName=+5 Pin=P5-1
Added Pin To Net: NetName=GND Pin=P5-2
Added Pin To Net: NetName=+5 Pin=P5-3
Added Pin To Net: NetName=GND Pin=P5-4
Added Pin To Net: NetName=+5 Pin=P5-5
Added Pin To Net: NetName=GND Pin=P5-6
Added Pin To Net: NetName=+5 Pin=P5-7
Added Pin To Net: NetName=GND Pin=P5-8
Added Pin To Net: NetName=+5 Pin=P5-9
Added Pin To Net: NetName=GND Pin=P5-10
Added Pin To Net: NetName=M1_A Pin=p6-1
Added Pin To Net: NetName=+3.3 Pin=p6-2
Added Pin To Net: NetName=M1_C2 Pin=p6-3
Added Pin To Net: NetName=M1_C1 Pin=p6-4
Added Pin To Net: NetName=GND Pin=p6-5
Added Pin To Net: NetName=M1_B Pin=p6-6
Added Pin To Net: NetName=M4_A Pin=p7-1
Added Pin To Net: NetName=+3.3 Pin=p7-2
Added Pin To Net: NetName=M4_C2 Pin=p7-3
Added Pin To Net: NetName=M4_C1 Pin=p7-4
Added Pin To Net: NetName=GND Pin=p7-5
Added Pin To Net: NetName=M4_B Pin=p7-6
Added Pin To Net: NetName=M1_B Pin=P8-1
Added Pin To Net: NetName=M1_A Pin=P8-2
Added Pin To Net: NetName=M4_B Pin=P9-1
Added Pin To Net: NetName=M4_A Pin=P9-2
Added Pin To Net: NetName=+3.3 Pin=P10-1
Added Pin To Net: NetName=GND Pin=P10-2
Added Pin To Net: NetName=+3.3 Pin=P10-3
Added Pin To Net: NetName=GND Pin=P10-4
Added Pin To Net: NetName=+3.3 Pin=P10-5
Added Pin To Net: NetName=GND Pin=P10-6
Added Pin To Net: NetName=+3.3 Pin=P10-7
Added Pin To Net: NetName=GND Pin=P10-8
Added Pin To Net: NetName=+3.3 Pin=P10-9
Added Pin To Net: NetName=GND Pin=P10-10
Added Pin To Net: NetName=M2_A Pin=p11-1
Added Pin To Net: NetName=+3.3 Pin=p11-2
Added Pin To Net: NetName=M2_C2 Pin=p11-3
Added Pin To Net: NetName=M2_C1 Pin=p11-4
Added Pin To Net: NetName=GND Pin=p11-5
Added Pin To Net: NetName=M2_B Pin=p11-6
Added Pin To Net: NetName=M3_A Pin=p12-1
Added Pin To Net: NetName=+3.3 Pin=p12-2
Added Pin To Net: NetName=M3_C2 Pin=p12-3
Added Pin To Net: NetName=M3_C1 Pin=p12-4
Added Pin To Net: NetName=GND Pin=p12-5
Added Pin To Net: NetName=M3_B Pin=p12-6
Added Pin To Net: NetName=M2_B Pin=P13-1
Added Pin To Net: NetName=M2_A Pin=P13-2
Added Pin To Net: NetName=M3_B Pin=P14-1
Added Pin To Net: NetName=M3_A Pin=P14-2
Added Pin To Net: NetName=NetD5_1 Pin=R1-1
Added Pin To Net: NetName=+5 Pin=R1-2
Added Pin To Net: NetName=NetD6_1 Pin=R2-1
Added Pin To Net: NetName=M1_A Pin=R2-2
Added Pin To Net: NetName=NetD7_1 Pin=R3-1
Added Pin To Net: NetName=M2_A Pin=R3-2
Added Pin To Net: NetName=NetD8_1 Pin=R4-1
Added Pin To Net: NetName=M3_A Pin=R4-2
Added Pin To Net: NetName=NetD9_1 Pin=R5-1
Added Pin To Net: NetName=M4_A Pin=R5-2
Added Pin To Net: NetName=NetD1_1 Pin=R6-1
Added Pin To Net: NetName=NetD6_2 Pin=R6-2
Added Pin To Net: NetName=NetD2_1 Pin=R7-1
Added Pin To Net: NetName=NetD7_2 Pin=R7-2
Added Pin To Net: NetName=NetD3_1 Pin=R8-1
Added Pin To Net: NetName=NetD8_2 Pin=R8-2
Added Pin To Net: NetName=NetD4_1 Pin=R9-1
Added Pin To Net: NetName=NetD9_2 Pin=R9-2
Added Pin To Net: NetName=NetD10_1 Pin=R10-1
Added Pin To Net: NetName=+5 Pin=R10-2
Added Pin To Net: NetName=NetP1_2 Pin=S1-2
Added Pin To Net: NetName=+5 Pin=S1-3
Added Member To Class: ClassName=MotorDriver Member=Component D1 LED0
Added Member To Class: ClassName=MotorDriver Member=Component D2 LED0
Added Member To Class: ClassName=MotorDriver Member=Component D3 LED0
Added Member To Class: ClassName=MotorDriver Member=Component D4 LED0
Added Member To Class: ClassName=MotorDriver Member=Component D5 LED0
Added Member To Class: ClassName=MotorDriver Member=Component D6 LED0
Added Member To Class: ClassName=MotorDriver Member=Component D7 LED0
Added Member To Class: ClassName=MotorDriver Member=Component D8 LED0
Added Member To Class: ClassName=MotorDriver Member=Component D9 LED0
Added Member To Class: ClassName=MotorDriver Member=Component D10 LED0
Added Member To Class: ClassName=MotorDriver Member=Component M1 ESP32
Added Member To Class: ClassName=MotorDriver Member=Component P1 Header 2
Added Member To Class: ClassName=MotorDriver Member=Component P2 H桥连接器
Added Member To Class: ClassName=MotorDriver Member=Component P3 H桥连接器
Added Member To Class: ClassName=MotorDriver Member=Component P4 Header 4
Added Member To Class: ClassName=MotorDriver Member=Component P5 Header 5X2
Added Member To Class: ClassName=MotorDriver Member=Component p6 电机连接器
Added Member To Class: ClassName=MotorDriver Member=Component p7 电机连接器
Added Member To Class: ClassName=MotorDriver Member=Component P8 Header 2
Added Member To Class: ClassName=MotorDriver Member=Component P9 Header 2
Added Member To Class: ClassName=MotorDriver Member=Component P10 Header 5X2
Added Member To Class: ClassName=MotorDriver Member=Component p11 电机连接器
Added Member To Class: ClassName=MotorDriver Member=Component p12 电机连接器
Added Member To Class: ClassName=MotorDriver Member=Component P13 Header 2
Added Member To Class: ClassName=MotorDriver Member=Component P14 Header 2
Added Member To Class: ClassName=MotorDriver Member=Component R1 Res1
Added Member To Class: ClassName=MotorDriver Member=Component R2 Res1
Added Member To Class: ClassName=MotorDriver Member=Component R3 Res1
Added Member To Class: ClassName=MotorDriver Member=Component R4 Res1
Added Member To Class: ClassName=MotorDriver Member=Component R5 Res1
Added Member To Class: ClassName=MotorDriver Member=Component R6 Res1
Added Member To Class: ClassName=MotorDriver Member=Component R7 Res1
Added Member To Class: ClassName=MotorDriver Member=Component R8 Res1
Added Member To Class: ClassName=MotorDriver Member=Component R9 Res1
Added Member To Class: ClassName=MotorDriver Member=Component R10 Res1
Added Member To Class: ClassName=MotorDriver Member=Component S1 SW-SPDT
