Removed Pin From Net: NetName=M1_A Pin=D3-2
Removed Pin From Net: NetName=M1_A Pin=D4-1
Removed Pin From Net: NetName=M1_A Pin=D6-2
Removed Pin From Net: NetName=M1_A Pin=D7-2
Removed Pin From Net: NetName=M1_A Pin=D8-1
Removed Pin From Net: NetName=M1_A Pin=D9-1
Removed Pin From Net: NetName=M1_B Pin=R4-2
Removed Pin From Net: NetName=M1_B Pin=R5-2
Removed Pin From Net: NetName=M1_B Pin=R6-2
Removed Pin From Net: NetName=M1_B Pin=R7-2
Removed Pin From Net: NetName=M1_B Pin=R8-2
Removed Pin From Net: NetName=M1_B Pin=R9-2
Added Pin To Net: NetName=M2_A Pin=D3-2
Added Pin To Net: NetName=M2_A Pin=D4-1
Added Pin To Net: NetName=M3_A Pin=D6-2
Added Pin To Net: NetName=M4_A Pin=D7-2
Added Pin To Net: NetName=M3_A Pin=D8-1
Added Pin To Net: NetName=M4_A Pin=D9-1
Added Pin To Net: NetName=M2_B Pin=R4-2
Added Pin To Net: NetName=M2_B Pin=R5-2
Added Pin To Net: NetName=M3_B Pin=R6-2
Added Pin To Net: NetName=M4_B Pin=R7-2
Added Pin To Net: NetName=M3_B Pin=R8-2
Added Pin To Net: NetName=M4_B Pin=R9-2
Added Room: Name=MotorDriver
