Added Component: Designator=P1(HDR5X2_A1)
Add component (AddParameter): Name = "LatestRevisionDate"; Value = "17-Jul-2002"; VariantName = "[No Variations]"
Add component (AddParameter): Name = "LatestRevisionNote"; Value = "Re-released for DXP Platform."; VariantName = "[No Variations]"
Add component (AddParameter): Name = "Publisher"; Value = "Altium Limited"; VariantName = "[No Variations]"
Added Component: Designator=P2(HDR5X2_A1)
Add component (AddParameter): Name = "LatestRevisionDate"; Value = "17-Jul-2002"; VariantName = "[No Variations]"
Add component (AddParameter): Name = "LatestRevisionNote"; Value = "Re-released for DXP Platform."; VariantName = "[No Variations]"
Add component (AddParameter): Name = "Publisher"; Value = "Altium Limited"; VariantName = "[No Variations]"
Added Component: Designator=P3(HDR8-PH2.54)
Added Component: Designator=P4(HDR8-PH2.54)
Added Component: Designator=p5(HDR6-XH2.54)
Added Component: Designator=P6(HDR2X1_A)
Add component (AddParameter): Name = "LatestRevisionDate"; Value = "17-Jul-2002"; VariantName = "[No Variations]"
Add component (AddParameter): Name = "LatestRevisionNote"; Value = "Re-released for DXP Platform."; VariantName = "[No Variations]"
Add component (AddParameter): Name = "Publisher"; Value = "Altium Limited"; VariantName = "[No Variations]"
Added Component: Designator=p7(HDR6-XH2.54)
Added Component: Designator=P8(HDR2X1_A)
Add component (AddParameter): Name = "LatestRevisionDate"; Value = "17-Jul-2002"; VariantName = "[No Variations]"
Add component (AddParameter): Name = "LatestRevisionNote"; Value = "Re-released for DXP Platform."; VariantName = "[No Variations]"
Add component (AddParameter): Name = "Publisher"; Value = "Altium Limited"; VariantName = "[No Variations]"
Added Component: Designator=p9(HDR6-XH2.54)
Added Component: Designator=P10(HDR2X1_A)
Add component (AddParameter): Name = "LatestRevisionDate"; Value = "17-Jul-2002"; VariantName = "[No Variations]"
Add component (AddParameter): Name = "LatestRevisionNote"; Value = "Re-released for DXP Platform."; VariantName = "[No Variations]"
Add component (AddParameter): Name = "Publisher"; Value = "Altium Limited"; VariantName = "[No Variations]"
Added Component: Designator=p11(HDR6-XH2.54)
Added Component: Designator=P12(HDR2X1_A)
Add component (AddParameter): Name = "LatestRevisionDate"; Value = "17-Jul-2002"; VariantName = "[No Variations]"
Add component (AddParameter): Name = "LatestRevisionNote"; Value = "Re-released for DXP Platform."; VariantName = "[No Variations]"
Add component (AddParameter): Name = "Publisher"; Value = "Altium Limited"; VariantName = "[No Variations]"
Added Pin To Net: NetName=+3.3 Pin=P2-1
Added Pin To Net: NetName=+3.3 Pin=P2-3
Added Pin To Net: NetName=+3.3 Pin=P2-5
Added Pin To Net: NetName=+3.3 Pin=P2-7
Added Pin To Net: NetName=+3.3 Pin=P2-9
Added Pin To Net: NetName=+3.3 Pin=p5-2
Added Pin To Net: NetName=+3.3 Pin=p7-2
Added Pin To Net: NetName=+3.3 Pin=p9-2
Added Pin To Net: NetName=+3.3 Pin=p11-2
Added Net: Name=+3.3
Added Pin To Net: NetName=+5 Pin=P1-1
Added Pin To Net: NetName=+5 Pin=P1-3
Added Pin To Net: NetName=+5 Pin=P1-5
Added Pin To Net: NetName=+5 Pin=P1-7
Added Pin To Net: NetName=+5 Pin=P1-9
Added Pin To Net: NetName=+5 Pin=P3-1
Added Pin To Net: NetName=+5 Pin=P4-1
Added Net: Name=+5
Added Pin To Net: NetName=GND Pin=P1-2
Added Pin To Net: NetName=GND Pin=P1-4
Added Pin To Net: NetName=GND Pin=P1-6
Added Pin To Net: NetName=GND Pin=P1-8
Added Pin To Net: NetName=GND Pin=P1-10
Added Pin To Net: NetName=GND Pin=P2-2
Added Pin To Net: NetName=GND Pin=P2-4
Added Pin To Net: NetName=GND Pin=P2-6
Added Pin To Net: NetName=GND Pin=P2-8
Added Pin To Net: NetName=GND Pin=P2-10
Added Pin To Net: NetName=GND Pin=P3-8
Added Pin To Net: NetName=GND Pin=P4-8
Added Pin To Net: NetName=GND Pin=p5-5
Added Pin To Net: NetName=GND Pin=p7-5
Added Pin To Net: NetName=GND Pin=p9-5
Added Pin To Net: NetName=GND Pin=p11-5
Added Net: Name=GND
Added Pin To Net: NetName=Netp5_1 Pin=p5-1
Added Pin To Net: NetName=Netp5_1 Pin=P6-2
Added Net: Name=Netp5_1
Added Pin To Net: NetName=Netp5_6 Pin=p5-6
Added Pin To Net: NetName=Netp5_6 Pin=P6-1
Added Net: Name=Netp5_6
Added Pin To Net: NetName=Netp7_1 Pin=p7-1
Added Pin To Net: NetName=Netp7_1 Pin=P8-2
Added Net: Name=Netp7_1
Added Pin To Net: NetName=Netp7_6 Pin=p7-6
Added Pin To Net: NetName=Netp7_6 Pin=P8-1
Added Net: Name=Netp7_6
Added Pin To Net: NetName=Netp9_1 Pin=p9-1
Added Pin To Net: NetName=Netp9_1 Pin=P10-2
Added Net: Name=Netp9_1
Added Pin To Net: NetName=Netp9_6 Pin=p9-6
Added Pin To Net: NetName=Netp9_6 Pin=P10-1
Added Net: Name=Netp9_6
Added Pin To Net: NetName=Netp11_1 Pin=p11-1
Added Pin To Net: NetName=Netp11_1 Pin=P12-2
Added Net: Name=Netp11_1
Added Pin To Net: NetName=Netp11_6 Pin=p11-6
Added Pin To Net: NetName=Netp11_6 Pin=P12-1
Added Net: Name=Netp11_6
Added Class: Name=MotorDriver
